{"/Users/lewis/Documents/side_projects/Cloud-Native-Document-Center/document-service/app.js": {"path":"/Users/lewis/Documents/side_projects/Cloud-Native-Document-Center/document-service/app.js","statementMap":{"0":{"start":{"line":1,"column":18},"end":{"line":1,"column":40}},"1":{"start":{"line":2,"column":14},"end":{"line":2,"column":32}},"2":{"start":{"line":3,"column":11},"end":{"line":3,"column":26}},"3":{"start":{"line":4,"column":19},"end":{"line":4,"column":43}},"4":{"start":{"line":5,"column":13},"end":{"line":5,"column":30}},"5":{"start":{"line":8,"column":0},"end":{"line":8,"column":26}},"6":{"start":{"line":10,"column":18},"end":{"line":10,"column":43}},"7":{"start":{"line":11,"column":18},"end":{"line":11,"column":43}},"8":{"start":{"line":12,"column":16},"end":{"line":12,"column":39}},"9":{"start":{"line":13,"column":17},"end":{"line":13,"column":41}},"10":{"start":{"line":15,"column":10},"end":{"line":15,"column":19}},"11":{"start":{"line":18,"column":0},"end":{"line":18,"column":48}},"12":{"start":{"line":19,"column":0},"end":{"line":19,"column":30}},"13":{"start":{"line":21,"column":0},"end":{"line":21,"column":23}},"14":{"start":{"line":22,"column":0},"end":{"line":22,"column":24}},"15":{"start":{"line":23,"column":0},"end":{"line":23,"column":49}},"16":{"start":{"line":24,"column":0},"end":{"line":24,"column":24}},"17":{"start":{"line":25,"column":0},"end":{"line":25,"column":56}},"18":{"start":{"line":27,"column":0},"end":{"line":27,"column":26}},"19":{"start":{"line":28,"column":0},"end":{"line":28,"column":31}},"20":{"start":{"line":29,"column":0},"end":{"line":29,"column":27}},"21":{"start":{"line":30,"column":0},"end":{"line":30,"column":29}},"22":{"start":{"line":33,"column":19},"end":{"line":33,"column":43}},"23":{"start":{"line":34,"column":23},"end":{"line":59,"column":1}},"24":{"start":{"line":61,"column":20},"end":{"line":61,"column":48}},"25":{"start":{"line":62,"column":18},"end":{"line":62,"column":47}},"26":{"start":{"line":64,"column":0},"end":{"line":64,"column":67}},"27":{"start":{"line":67,"column":0},"end":{"line":69,"column":3}},"28":{"start":{"line":68,"column":2},"end":{"line":68,"column":25}},"29":{"start":{"line":72,"column":0},"end":{"line":80,"column":3}},"30":{"start":{"line":74,"column":2},"end":{"line":74,"column":35}},"31":{"start":{"line":75,"column":2},"end":{"line":75,"column":69}},"32":{"start":{"line":78,"column":2},"end":{"line":78,"column":32}},"33":{"start":{"line":79,"column":2},"end":{"line":79,"column":22}},"34":{"start":{"line":82,"column":0},"end":{"line":82,"column":21}}},"fnMap":{"0":{"name":"(anonymous_0)","decl":{"start":{"line":67,"column":8},"end":{"line":67,"column":9}},"loc":{"start":{"line":67,"column":34},"end":{"line":69,"column":1}},"line":67},"1":{"name":"(anonymous_1)","decl":{"start":{"line":72,"column":8},"end":{"line":72,"column":9}},"loc":{"start":{"line":72,"column":39},"end":{"line":80,"column":1}},"line":72}},"branchMap":{"0":{"loc":{"start":{"line":75,"column":21},"end":{"line":75,"column":68}},"type":"cond-expr","locations":[{"start":{"line":75,"column":60},"end":{"line":75,"column":63}},{"start":{"line":75,"column":66},"end":{"line":75,"column":68}}],"line":75},"1":{"loc":{"start":{"line":78,"column":13},"end":{"line":78,"column":30}},"type":"binary-expr","locations":[{"start":{"line":78,"column":13},"end":{"line":78,"column":23}},{"start":{"line":78,"column":27},"end":{"line":78,"column":30}}],"line":78}},"s":{"0":1,"1":1,"2":1,"3":1,"4":1,"5":1,"6":1,"7":1,"8":1,"9":1,"10":1,"11":1,"12":1,"13":1,"14":1,"15":1,"16":1,"17":1,"18":1,"19":1,"20":1,"21":1,"22":1,"23":1,"24":1,"25":1,"26":1,"27":1,"28":0,"29":1,"30":0,"31":0,"32":0,"33":0,"34":1},"f":{"0":0,"1":0},"b":{"0":[0,0],"1":[0,0]},"_coverageSchema":"1a1c01bbd47fc00a2c39e90264f33305004495a9","hash":"5b4a178c77cd68cd526c939a870de625bcf5026f"}
,"/Users/lewis/Documents/side_projects/Cloud-Native-Document-Center/document-service/handler/authenticator.js": {"path":"/Users/lewis/Documents/side_projects/Cloud-Native-Document-Center/document-service/handler/authenticator.js","statementMap":{"0":{"start":{"line":1,"column":12},"end":{"line":1,"column":35}},"1":{"start":{"line":2,"column":14},"end":{"line":2,"column":30}},"2":{"start":{"line":5,"column":17},"end":{"line":5,"column":44}},"3":{"start":{"line":6,"column":11},"end":{"line":6,"column":31}},"4":{"start":{"line":8,"column":20},"end":{"line":9,"column":1}},"5":{"start":{"line":11,"column":0},"end":{"line":28,"column":1}},"6":{"start":{"line":13,"column":16},"end":{"line":13,"column":66}},"7":{"start":{"line":16,"column":2},"end":{"line":18,"column":3}},"8":{"start":{"line":17,"column":4},"end":{"line":17,"column":49}},"9":{"start":{"line":19,"column":2},"end":{"line":27,"column":3}},"10":{"start":{"line":21,"column":21},"end":{"line":21,"column":62}},"11":{"start":{"line":22,"column":4},"end":{"line":22,"column":24}},"12":{"start":{"line":23,"column":4},"end":{"line":23,"column":11}},"13":{"start":{"line":26,"column":4},"end":{"line":26,"column":42}},"14":{"start":{"line":30,"column":0},"end":{"line":45,"column":1}},"15":{"start":{"line":32,"column":16},"end":{"line":32,"column":66}},"16":{"start":{"line":34,"column":2},"end":{"line":44,"column":3}},"17":{"start":{"line":36,"column":4},"end":{"line":38,"column":5}},"18":{"start":{"line":37,"column":6},"end":{"line":37,"column":44}},"19":{"start":{"line":39,"column":4},"end":{"line":39,"column":40}},"20":{"start":{"line":40,"column":4},"end":{"line":40,"column":11}},"21":{"start":{"line":43,"column":4},"end":{"line":43,"column":42}},"22":{"start":{"line":47,"column":0},"end":{"line":72,"column":1}},"23":{"start":{"line":49,"column":16},"end":{"line":49,"column":66}},"24":{"start":{"line":51,"column":2},"end":{"line":71,"column":3}},"25":{"start":{"line":52,"column":21},"end":{"line":56,"column":6}},"26":{"start":{"line":58,"column":4},"end":{"line":66,"column":5}},"27":{"start":{"line":59,"column":19},"end":{"line":59,"column":74}},"28":{"start":{"line":60,"column":6},"end":{"line":60,"column":29}},"29":{"start":{"line":61,"column":6},"end":{"line":61,"column":13}},"30":{"start":{"line":64,"column":6},"end":{"line":64,"column":48}},"31":{"start":{"line":65,"column":6},"end":{"line":65,"column":52}},"32":{"start":{"line":69,"column":4},"end":{"line":69,"column":41}},"33":{"start":{"line":70,"column":4},"end":{"line":70,"column":42}},"34":{"start":{"line":75,"column":0},"end":{"line":75,"column":37}}},"fnMap":{"0":{"name":"(anonymous_0)","decl":{"start":{"line":8,"column":20},"end":{"line":8,"column":21}},"loc":{"start":{"line":8,"column":32},"end":{"line":9,"column":1}},"line":8},"1":{"name":"(anonymous_1)","decl":{"start":{"line":11,"column":36},"end":{"line":11,"column":37}},"loc":{"start":{"line":11,"column":62},"end":{"line":28,"column":1}},"line":11},"2":{"name":"(anonymous_2)","decl":{"start":{"line":30,"column":38},"end":{"line":30,"column":39}},"loc":{"start":{"line":30,"column":64},"end":{"line":45,"column":1}},"line":30},"3":{"name":"(anonymous_3)","decl":{"start":{"line":47,"column":49},"end":{"line":47,"column":50}},"loc":{"start":{"line":47,"column":81},"end":{"line":72,"column":1}},"line":47}},"branchMap":{"0":{"loc":{"start":{"line":16,"column":2},"end":{"line":18,"column":3}},"type":"if","locations":[{"start":{"line":16,"column":2},"end":{"line":18,"column":3}},{"start":{},"end":{}}],"line":16},"1":{"loc":{"start":{"line":34,"column":2},"end":{"line":44,"column":3}},"type":"if","locations":[{"start":{"line":34,"column":2},"end":{"line":44,"column":3}},{"start":{"line":41,"column":9},"end":{"line":44,"column":3}}],"line":34},"2":{"loc":{"start":{"line":36,"column":4},"end":{"line":38,"column":5}},"type":"if","locations":[{"start":{"line":36,"column":4},"end":{"line":38,"column":5}},{"start":{},"end":{}}],"line":36}},"s":{"0":1,"1":1,"2":1,"3":1,"4":1,"5":1,"6":0,"7":0,"8":0,"9":0,"10":0,"11":0,"12":0,"13":0,"14":1,"15":0,"16":0,"17":0,"18":0,"19":0,"20":0,"21":0,"22":1,"23":0,"24":0,"25":0,"26":0,"27":0,"28":0,"29":0,"30":0,"31":0,"32":0,"33":0,"34":1},"f":{"0":1,"1":0,"2":0,"3":0},"b":{"0":[0,0],"1":[0,0],"2":[0,0]},"_coverageSchema":"1a1c01bbd47fc00a2c39e90264f33305004495a9","hash":"adab34d7ee1b3fbf6e3de14d14004b27226ad553"}
,"/Users/lewis/Documents/side_projects/Cloud-Native-Document-Center/document-service/handler/documentSaver.js": {"path":"/Users/lewis/Documents/side_projects/Cloud-Native-Document-Center/document-service/handler/documentSaver.js","statementMap":{"0":{"start":{"line":1,"column":15},"end":{"line":1,"column":32}},"1":{"start":{"line":2,"column":11},"end":{"line":2,"column":24}},"2":{"start":{"line":3,"column":13},"end":{"line":3,"column":28}},"3":{"start":{"line":6,"column":17},"end":{"line":6,"column":44}},"4":{"start":{"line":9,"column":16},"end":{"line":16,"column":2}},"5":{"start":{"line":11,"column":4},"end":{"line":11,"column":28}},"6":{"start":{"line":14,"column":4},"end":{"line":14,"column":27}},"7":{"start":{"line":18,"column":15},"end":{"line":51,"column":1}},"8":{"start":{"line":19,"column":2},"end":{"line":50,"column":3}},"9":{"start":{"line":21,"column":4},"end":{"line":21,"column":28}},"10":{"start":{"line":22,"column":17},"end":{"line":22,"column":58}},"11":{"start":{"line":23,"column":4},"end":{"line":26,"column":5}},"12":{"start":{"line":24,"column":6},"end":{"line":24,"column":31}},"13":{"start":{"line":25,"column":6},"end":{"line":25,"column":29}},"14":{"start":{"line":27,"column":4},"end":{"line":27,"column":20}},"15":{"start":{"line":30,"column":4},"end":{"line":30,"column":51}},"16":{"start":{"line":31,"column":4},"end":{"line":31,"column":36}},"17":{"start":{"line":32,"column":4},"end":{"line":32,"column":58}},"18":{"start":{"line":35,"column":4},"end":{"line":37,"column":5}},"19":{"start":{"line":36,"column":6},"end":{"line":36,"column":34}},"20":{"start":{"line":40,"column":4},"end":{"line":45,"column":5}},"21":{"start":{"line":41,"column":6},"end":{"line":41,"column":28}},"22":{"start":{"line":42,"column":6},"end":{"line":42,"column":29}},"23":{"start":{"line":44,"column":6},"end":{"line":44,"column":28}},"24":{"start":{"line":48,"column":4},"end":{"line":48,"column":23}},"25":{"start":{"line":49,"column":4},"end":{"line":49,"column":19}},"26":{"start":{"line":54,"column":22},"end":{"line":54,"column":70}},"27":{"start":{"line":56,"column":0},"end":{"line":56,"column":31}}},"fnMap":{"0":{"name":"(anonymous_0)","decl":{"start":{"line":10,"column":15},"end":{"line":10,"column":16}},"loc":{"start":{"line":10,"column":34},"end":{"line":12,"column":3}},"line":10},"1":{"name":"(anonymous_1)","decl":{"start":{"line":13,"column":12},"end":{"line":13,"column":13}},"loc":{"start":{"line":13,"column":31},"end":{"line":15,"column":3}},"line":13},"2":{"name":"(anonymous_2)","decl":{"start":{"line":18,"column":15},"end":{"line":18,"column":16}},"loc":{"start":{"line":18,"column":40},"end":{"line":51,"column":1}},"line":18}},"branchMap":{"0":{"loc":{"start":{"line":23,"column":4},"end":{"line":26,"column":5}},"type":"if","locations":[{"start":{"line":23,"column":4},"end":{"line":26,"column":5}},{"start":{},"end":{}}],"line":23},"1":{"loc":{"start":{"line":35,"column":4},"end":{"line":37,"column":5}},"type":"if","locations":[{"start":{"line":35,"column":4},"end":{"line":37,"column":5}},{"start":{},"end":{}}],"line":35},"2":{"loc":{"start":{"line":40,"column":4},"end":{"line":45,"column":5}},"type":"if","locations":[{"start":{"line":40,"column":4},"end":{"line":45,"column":5}},{"start":{"line":43,"column":11},"end":{"line":45,"column":5}}],"line":40}},"s":{"0":1,"1":1,"2":1,"3":1,"4":1,"5":0,"6":0,"7":1,"8":0,"9":0,"10":0,"11":0,"12":0,"13":0,"14":0,"15":0,"16":0,"17":0,"18":0,"19":0,"20":0,"21":0,"22":0,"23":0,"24":0,"25":0,"26":1,"27":1},"f":{"0":0,"1":0,"2":0},"b":{"0":[0,0],"1":[0,0],"2":[0,0]},"_coverageSchema":"1a1c01bbd47fc00a2c39e90264f33305004495a9","hash":"1c6e1654a287212f75d59e01800bf60bdded6382"}
,"/Users/lewis/Documents/side_projects/Cloud-Native-Document-Center/document-service/handler/documentUpdator.js": {"path":"/Users/lewis/Documents/side_projects/Cloud-Native-Document-Center/document-service/handler/documentUpdator.js","statementMap":{"0":{"start":{"line":1,"column":15},"end":{"line":1,"column":32}},"1":{"start":{"line":2,"column":11},"end":{"line":2,"column":24}},"2":{"start":{"line":3,"column":13},"end":{"line":3,"column":28}},"3":{"start":{"line":6,"column":17},"end":{"line":6,"column":44}},"4":{"start":{"line":9,"column":16},"end":{"line":16,"column":2}},"5":{"start":{"line":11,"column":4},"end":{"line":11,"column":28}},"6":{"start":{"line":14,"column":4},"end":{"line":14,"column":27}},"7":{"start":{"line":18,"column":15},"end":{"line":65,"column":1}},"8":{"start":{"line":19,"column":2},"end":{"line":64,"column":3}},"9":{"start":{"line":21,"column":4},"end":{"line":21,"column":28}},"10":{"start":{"line":22,"column":17},"end":{"line":22,"column":58}},"11":{"start":{"line":23,"column":4},"end":{"line":26,"column":5}},"12":{"start":{"line":24,"column":6},"end":{"line":24,"column":31}},"13":{"start":{"line":25,"column":6},"end":{"line":25,"column":29}},"14":{"start":{"line":29,"column":21},"end":{"line":29,"column":67}},"15":{"start":{"line":30,"column":4},"end":{"line":33,"column":5}},"16":{"start":{"line":31,"column":6},"end":{"line":31,"column":31}},"17":{"start":{"line":32,"column":6},"end":{"line":32,"column":29}},"18":{"start":{"line":36,"column":4},"end":{"line":36,"column":51}},"19":{"start":{"line":37,"column":4},"end":{"line":37,"column":36}},"20":{"start":{"line":38,"column":4},"end":{"line":38,"column":58}},"21":{"start":{"line":41,"column":4},"end":{"line":43,"column":5}},"22":{"start":{"line":42,"column":6},"end":{"line":42,"column":34}},"23":{"start":{"line":46,"column":24},"end":{"line":46,"column":70}},"24":{"start":{"line":49,"column":4},"end":{"line":49,"column":26}},"25":{"start":{"line":50,"column":4},"end":{"line":53,"column":5}},"26":{"start":{"line":51,"column":6},"end":{"line":51,"column":29}},"27":{"start":{"line":52,"column":6},"end":{"line":52,"column":29}},"28":{"start":{"line":56,"column":29},"end":{"line":56,"column":71}},"29":{"start":{"line":57,"column":4},"end":{"line":57,"column":36}},"30":{"start":{"line":59,"column":4},"end":{"line":59,"column":26}},"31":{"start":{"line":62,"column":4},"end":{"line":62,"column":23}},"32":{"start":{"line":63,"column":4},"end":{"line":63,"column":19}},"33":{"start":{"line":68,"column":24},"end":{"line":68,"column":72}},"34":{"start":{"line":70,"column":0},"end":{"line":70,"column":33}}},"fnMap":{"0":{"name":"(anonymous_0)","decl":{"start":{"line":10,"column":15},"end":{"line":10,"column":16}},"loc":{"start":{"line":10,"column":34},"end":{"line":12,"column":3}},"line":10},"1":{"name":"(anonymous_1)","decl":{"start":{"line":13,"column":12},"end":{"line":13,"column":13}},"loc":{"start":{"line":13,"column":31},"end":{"line":15,"column":3}},"line":13},"2":{"name":"(anonymous_2)","decl":{"start":{"line":18,"column":15},"end":{"line":18,"column":16}},"loc":{"start":{"line":18,"column":40},"end":{"line":65,"column":1}},"line":18}},"branchMap":{"0":{"loc":{"start":{"line":23,"column":4},"end":{"line":26,"column":5}},"type":"if","locations":[{"start":{"line":23,"column":4},"end":{"line":26,"column":5}},{"start":{},"end":{}}],"line":23},"1":{"loc":{"start":{"line":30,"column":4},"end":{"line":33,"column":5}},"type":"if","locations":[{"start":{"line":30,"column":4},"end":{"line":33,"column":5}},{"start":{},"end":{}}],"line":30},"2":{"loc":{"start":{"line":41,"column":4},"end":{"line":43,"column":5}},"type":"if","locations":[{"start":{"line":41,"column":4},"end":{"line":43,"column":5}},{"start":{},"end":{}}],"line":41},"3":{"loc":{"start":{"line":50,"column":4},"end":{"line":53,"column":5}},"type":"if","locations":[{"start":{"line":50,"column":4},"end":{"line":53,"column":5}},{"start":{},"end":{}}],"line":50}},"s":{"0":1,"1":1,"2":1,"3":1,"4":1,"5":0,"6":0,"7":1,"8":0,"9":0,"10":0,"11":0,"12":0,"13":0,"14":0,"15":0,"16":0,"17":0,"18":0,"19":0,"20":0,"21":0,"22":0,"23":0,"24":0,"25":0,"26":0,"27":0,"28":0,"29":0,"30":0,"31":0,"32":0,"33":1,"34":1},"f":{"0":0,"1":0,"2":0},"b":{"0":[0,0],"1":[0,0],"2":[0,0],"3":[0,0]},"_coverageSchema":"1a1c01bbd47fc00a2c39e90264f33305004495a9","hash":"eddc03d81f2b6e4e9742e7978500e18a051008f3"}
,"/Users/lewis/Documents/side_projects/Cloud-Native-Document-Center/document-service/models/document.js": {"path":"/Users/lewis/Documents/side_projects/Cloud-Native-Document-Center/document-service/models/document.js","statementMap":{"0":{"start":{"line":1,"column":0},"end":{"line":21,"column":2}},"1":{"start":{"line":2,"column":20},"end":{"line":17,"column":4}},"2":{"start":{"line":20,"column":2},"end":{"line":20,"column":19}}},"fnMap":{"0":{"name":"(anonymous_0)","decl":{"start":{"line":1,"column":17},"end":{"line":1,"column":18}},"loc":{"start":{"line":1,"column":43},"end":{"line":21,"column":1}},"line":1}},"branchMap":{},"s":{"0":1,"1":1,"2":1},"f":{"0":1},"b":{},"_coverageSchema":"1a1c01bbd47fc00a2c39e90264f33305004495a9","hash":"49aa813e0640c398fba943654a395fa8b4fde551"}
,"/Users/lewis/Documents/side_projects/Cloud-Native-Document-Center/document-service/models/image.js": {"path":"/Users/lewis/Documents/side_projects/Cloud-Native-Document-Center/document-service/models/image.js","statementMap":{"0":{"start":{"line":1,"column":0},"end":{"line":14,"column":2}},"1":{"start":{"line":2,"column":17},"end":{"line":11,"column":4}},"2":{"start":{"line":13,"column":2},"end":{"line":13,"column":16}}},"fnMap":{"0":{"name":"(anonymous_0)","decl":{"start":{"line":1,"column":17},"end":{"line":1,"column":18}},"loc":{"start":{"line":1,"column":43},"end":{"line":14,"column":1}},"line":1}},"branchMap":{},"s":{"0":1,"1":1,"2":1},"f":{"0":1},"b":{},"_coverageSchema":"1a1c01bbd47fc00a2c39e90264f33305004495a9","hash":"ffa023314a71725904e7818dfbebf30fd84759e5"}
,"/Users/lewis/Documents/side_projects/Cloud-Native-Document-Center/document-service/models/index.js": {"path":"/Users/lewis/Documents/side_projects/Cloud-Native-Document-Center/document-service/models/index.js","statementMap":{"0":{"start":{"line":4,"column":11},"end":{"line":4,"column":24}},"1":{"start":{"line":5,"column":13},"end":{"line":5,"column":28}},"2":{"start":{"line":6,"column":18},"end":{"line":6,"column":38}},"3":{"start":{"line":7,"column":17},"end":{"line":7,"column":42}},"4":{"start":{"line":8,"column":12},"end":{"line":8,"column":49}},"5":{"start":{"line":9,"column":15},"end":{"line":9,"column":65}},"6":{"start":{"line":10,"column":11},"end":{"line":10,"column":13}},"7":{"start":{"line":13,"column":0},"end":{"line":17,"column":1}},"8":{"start":{"line":14,"column":2},"end":{"line":14,"column":74}},"9":{"start":{"line":16,"column":2},"end":{"line":16,"column":87}},"10":{"start":{"line":19,"column":0},"end":{"line":27,"column":5}},"11":{"start":{"line":22,"column":4},"end":{"line":22,"column":90}},"12":{"start":{"line":25,"column":18},"end":{"line":25,"column":85}},"13":{"start":{"line":26,"column":4},"end":{"line":26,"column":27}},"14":{"start":{"line":29,"column":0},"end":{"line":33,"column":3}},"15":{"start":{"line":30,"column":2},"end":{"line":32,"column":3}},"16":{"start":{"line":31,"column":4},"end":{"line":31,"column":32}},"17":{"start":{"line":35,"column":0},"end":{"line":35,"column":25}},"18":{"start":{"line":36,"column":0},"end":{"line":36,"column":25}},"19":{"start":{"line":38,"column":0},"end":{"line":38,"column":20}}},"fnMap":{"0":{"name":"(anonymous_0)","decl":{"start":{"line":21,"column":10},"end":{"line":21,"column":11}},"loc":{"start":{"line":21,"column":18},"end":{"line":23,"column":3}},"line":21},"1":{"name":"(anonymous_1)","decl":{"start":{"line":24,"column":11},"end":{"line":24,"column":12}},"loc":{"start":{"line":24,"column":19},"end":{"line":27,"column":3}},"line":24},"2":{"name":"(anonymous_2)","decl":{"start":{"line":29,"column":24},"end":{"line":29,"column":25}},"loc":{"start":{"line":29,"column":37},"end":{"line":33,"column":1}},"line":29}},"branchMap":{"0":{"loc":{"start":{"line":8,"column":12},"end":{"line":8,"column":49}},"type":"binary-expr","locations":[{"start":{"line":8,"column":12},"end":{"line":8,"column":32}},{"start":{"line":8,"column":36},"end":{"line":8,"column":49}}],"line":8},"1":{"loc":{"start":{"line":13,"column":0},"end":{"line":17,"column":1}},"type":"if","locations":[{"start":{"line":13,"column":0},"end":{"line":17,"column":1}},{"start":{"line":15,"column":7},"end":{"line":17,"column":1}}],"line":13},"2":{"loc":{"start":{"line":22,"column":11},"end":{"line":22,"column":89}},"type":"binary-expr","locations":[{"start":{"line":22,"column":12},"end":{"line":22,"column":35}},{"start":{"line":22,"column":41},"end":{"line":22,"column":58}},{"start":{"line":22,"column":64},"end":{"line":22,"column":88}}],"line":22},"3":{"loc":{"start":{"line":30,"column":2},"end":{"line":32,"column":3}},"type":"if","locations":[{"start":{"line":30,"column":2},"end":{"line":32,"column":3}},{"start":{},"end":{}}],"line":30}},"s":{"0":1,"1":1,"2":1,"3":1,"4":1,"5":1,"6":1,"7":1,"8":0,"9":1,"10":1,"11":6,"12":5,"13":5,"14":1,"15":5,"16":0,"17":1,"18":1,"19":1},"f":{"0":6,"1":5,"2":5},"b":{"0":[1,0],"1":[0,1],"2":[6,6,5],"3":[0,5]},"_coverageSchema":"1a1c01bbd47fc00a2c39e90264f33305004495a9","hash":"1eaf8e7ddcf2eb64749aee595b34c5839d44e75d"}
,"/Users/lewis/Documents/side_projects/Cloud-Native-Document-Center/document-service/models/log.js": {"path":"/Users/lewis/Documents/side_projects/Cloud-Native-Document-Center/document-service/models/log.js","statementMap":{"0":{"start":{"line":1,"column":0},"end":{"line":18,"column":2}},"1":{"start":{"line":2,"column":15},"end":{"line":16,"column":4}},"2":{"start":{"line":17,"column":2},"end":{"line":17,"column":14}}},"fnMap":{"0":{"name":"(anonymous_0)","decl":{"start":{"line":1,"column":17},"end":{"line":1,"column":18}},"loc":{"start":{"line":1,"column":43},"end":{"line":18,"column":1}},"line":1}},"branchMap":{},"s":{"0":1,"1":1,"2":1},"f":{"0":1},"b":{},"_coverageSchema":"1a1c01bbd47fc00a2c39e90264f33305004495a9","hash":"bdd1fd0e1dc1c8649e7abbc468fa5d493e2144d9"}
,"/Users/lewis/Documents/side_projects/Cloud-Native-Document-Center/document-service/models/roles.js": {"path":"/Users/lewis/Documents/side_projects/Cloud-Native-Document-Center/document-service/models/roles.js","statementMap":{"0":{"start":{"line":1,"column":0},"end":{"line":20,"column":2}},"1":{"start":{"line":2,"column":16},"end":{"line":18,"column":4}},"2":{"start":{"line":19,"column":2},"end":{"line":19,"column":15}}},"fnMap":{"0":{"name":"(anonymous_0)","decl":{"start":{"line":1,"column":17},"end":{"line":1,"column":18}},"loc":{"start":{"line":1,"column":43},"end":{"line":20,"column":1}},"line":1}},"branchMap":{},"s":{"0":1,"1":1,"2":1},"f":{"0":1},"b":{},"_coverageSchema":"1a1c01bbd47fc00a2c39e90264f33305004495a9","hash":"9ca2f6ee5778868e040bc199a874bd6bb49ac2c6"}
,"/Users/lewis/Documents/side_projects/Cloud-Native-Document-Center/document-service/models/user.js": {"path":"/Users/lewis/Documents/side_projects/Cloud-Native-Document-Center/document-service/models/user.js","statementMap":{"0":{"start":{"line":1,"column":0},"end":{"line":19,"column":2}},"1":{"start":{"line":2,"column":16},"end":{"line":16,"column":4}},"2":{"start":{"line":18,"column":2},"end":{"line":18,"column":15}}},"fnMap":{"0":{"name":"(anonymous_0)","decl":{"start":{"line":1,"column":17},"end":{"line":1,"column":18}},"loc":{"start":{"line":1,"column":43},"end":{"line":19,"column":1}},"line":1}},"branchMap":{},"s":{"0":1,"1":1,"2":1},"f":{"0":1},"b":{},"_coverageSchema":"1a1c01bbd47fc00a2c39e90264f33305004495a9","hash":"0e5f64e22491af31857dc851947ff75766ec496a"}
,"/Users/lewis/Documents/side_projects/Cloud-Native-Document-Center/document-service/routes/doc.js": {"path":"/Users/lewis/Documents/side_projects/Cloud-Native-Document-Center/document-service/routes/doc.js","statementMap":{"0":{"start":{"line":1,"column":14},"end":{"line":1,"column":32}},"1":{"start":{"line":2,"column":13},"end":{"line":2,"column":29}},"2":{"start":{"line":4,"column":11},"end":{"line":4,"column":24}},"3":{"start":{"line":7,"column":22},"end":{"line":7,"column":57}},"4":{"start":{"line":8,"column":22},"end":{"line":8,"column":57}},"5":{"start":{"line":9,"column":24},"end":{"line":9,"column":61}},"6":{"start":{"line":12,"column":17},"end":{"line":12,"column":44}},"7":{"start":{"line":15,"column":11},"end":{"line":15,"column":31}},"8":{"start":{"line":51,"column":0},"end":{"line":90,"column":3}},"9":{"start":{"line":52,"column":2},"end":{"line":89,"column":3}},"10":{"start":{"line":54,"column":17},"end":{"line":54,"column":58}},"11":{"start":{"line":55,"column":4},"end":{"line":55,"column":61}},"12":{"start":{"line":55,"column":15},"end":{"line":55,"column":61}},"13":{"start":{"line":58,"column":4},"end":{"line":67,"column":5}},"14":{"start":{"line":59,"column":19},"end":{"line":59,"column":52}},"15":{"start":{"line":60,"column":6},"end":{"line":66,"column":10}},"16":{"start":{"line":61,"column":8},"end":{"line":65,"column":9}},"17":{"start":{"line":70,"column":18},"end":{"line":70,"column":61}},"18":{"start":{"line":71,"column":15},"end":{"line":71,"column":17}},"19":{"start":{"line":72,"column":4},"end":{"line":75,"column":5}},"20":{"start":{"line":73,"column":18},"end":{"line":73,"column":64}},"21":{"start":{"line":74,"column":6},"end":{"line":74,"column":21}},"22":{"start":{"line":78,"column":4},"end":{"line":84,"column":8}},"23":{"start":{"line":79,"column":6},"end":{"line":83,"column":7}},"24":{"start":{"line":87,"column":4},"end":{"line":87,"column":21}},"25":{"start":{"line":88,"column":4},"end":{"line":88,"column":62}},"26":{"start":{"line":138,"column":0},"end":{"line":157,"column":3}},"27":{"start":{"line":139,"column":2},"end":{"line":156,"column":3}},"28":{"start":{"line":141,"column":17},"end":{"line":141,"column":58}},"29":{"start":{"line":142,"column":4},"end":{"line":142,"column":61}},"30":{"start":{"line":142,"column":15},"end":{"line":142,"column":61}},"31":{"start":{"line":145,"column":16},"end":{"line":145,"column":98}},"32":{"start":{"line":148,"column":4},"end":{"line":148,"column":55}},"33":{"start":{"line":149,"column":4},"end":{"line":149,"column":55}},"34":{"start":{"line":151,"column":4},"end":{"line":151,"column":36}},"35":{"start":{"line":154,"column":4},"end":{"line":154,"column":21}},"36":{"start":{"line":155,"column":4},"end":{"line":155,"column":69}},"37":{"start":{"line":206,"column":0},"end":{"line":233,"column":3}},"38":{"start":{"line":207,"column":2},"end":{"line":232,"column":3}},"39":{"start":{"line":209,"column":17},"end":{"line":209,"column":58}},"40":{"start":{"line":210,"column":21},"end":{"line":210,"column":67}},"41":{"start":{"line":211,"column":4},"end":{"line":211,"column":61}},"42":{"start":{"line":211,"column":15},"end":{"line":211,"column":61}},"43":{"start":{"line":212,"column":4},"end":{"line":212,"column":69}},"44":{"start":{"line":212,"column":19},"end":{"line":212,"column":69}},"45":{"start":{"line":215,"column":17},"end":{"line":215,"column":69}},"46":{"start":{"line":216,"column":4},"end":{"line":218,"column":5}},"47":{"start":{"line":217,"column":6},"end":{"line":217,"column":50}},"48":{"start":{"line":221,"column":4},"end":{"line":227,"column":7}},"49":{"start":{"line":230,"column":4},"end":{"line":230,"column":21}},"50":{"start":{"line":231,"column":4},"end":{"line":231,"column":69}},"51":{"start":{"line":277,"column":0},"end":{"line":306,"column":3}},"52":{"start":{"line":278,"column":2},"end":{"line":304,"column":3}},"53":{"start":{"line":279,"column":17},"end":{"line":279,"column":58}},"54":{"start":{"line":280,"column":21},"end":{"line":280,"column":67}},"55":{"start":{"line":283,"column":4},"end":{"line":283,"column":61}},"56":{"start":{"line":283,"column":15},"end":{"line":283,"column":61}},"57":{"start":{"line":286,"column":4},"end":{"line":286,"column":69}},"58":{"start":{"line":286,"column":19},"end":{"line":286,"column":69}},"59":{"start":{"line":289,"column":4},"end":{"line":291,"column":5}},"60":{"start":{"line":290,"column":6},"end":{"line":290,"column":50}},"61":{"start":{"line":294,"column":4},"end":{"line":294,"column":85}},"62":{"start":{"line":297,"column":4},"end":{"line":297,"column":79}},"63":{"start":{"line":299,"column":4},"end":{"line":299,"column":36}},"64":{"start":{"line":302,"column":4},"end":{"line":302,"column":21}},"65":{"start":{"line":303,"column":4},"end":{"line":303,"column":69}},"66":{"start":{"line":338,"column":0},"end":{"line":365,"column":3}},"67":{"start":{"line":339,"column":2},"end":{"line":364,"column":3}},"68":{"start":{"line":341,"column":17},"end":{"line":341,"column":58}},"69":{"start":{"line":342,"column":21},"end":{"line":342,"column":67}},"70":{"start":{"line":343,"column":4},"end":{"line":343,"column":61}},"71":{"start":{"line":343,"column":15},"end":{"line":343,"column":61}},"72":{"start":{"line":344,"column":4},"end":{"line":344,"column":69}},"73":{"start":{"line":344,"column":19},"end":{"line":344,"column":69}},"74":{"start":{"line":347,"column":4},"end":{"line":349,"column":5}},"75":{"start":{"line":348,"column":6},"end":{"line":348,"column":50}},"76":{"start":{"line":352,"column":18},"end":{"line":352,"column":66}},"77":{"start":{"line":353,"column":4},"end":{"line":355,"column":5}},"78":{"start":{"line":354,"column":6},"end":{"line":354,"column":58}},"79":{"start":{"line":358,"column":4},"end":{"line":358,"column":49}},"80":{"start":{"line":359,"column":4},"end":{"line":359,"column":36}},"81":{"start":{"line":362,"column":4},"end":{"line":362,"column":21}},"82":{"start":{"line":363,"column":4},"end":{"line":363,"column":69}},"83":{"start":{"line":409,"column":0},"end":{"line":438,"column":3}},"84":{"start":{"line":410,"column":2},"end":{"line":437,"column":3}},"85":{"start":{"line":412,"column":17},"end":{"line":412,"column":58}},"86":{"start":{"line":413,"column":21},"end":{"line":413,"column":67}},"87":{"start":{"line":414,"column":4},"end":{"line":414,"column":61}},"88":{"start":{"line":414,"column":15},"end":{"line":414,"column":61}},"89":{"start":{"line":415,"column":4},"end":{"line":415,"column":69}},"90":{"start":{"line":415,"column":19},"end":{"line":415,"column":69}},"91":{"start":{"line":417,"column":4},"end":{"line":417,"column":39}},"92":{"start":{"line":420,"column":4},"end":{"line":422,"column":5}},"93":{"start":{"line":421,"column":6},"end":{"line":421,"column":50}},"94":{"start":{"line":425,"column":18},"end":{"line":425,"column":66}},"95":{"start":{"line":426,"column":4},"end":{"line":432,"column":8}},"96":{"start":{"line":427,"column":6},"end":{"line":431,"column":7}},"97":{"start":{"line":435,"column":4},"end":{"line":435,"column":21}},"98":{"start":{"line":436,"column":4},"end":{"line":436,"column":69}},"99":{"start":{"line":440,"column":0},"end":{"line":440,"column":24}}},"fnMap":{"0":{"name":"(anonymous_0)","decl":{"start":{"line":51,"column":57},"end":{"line":51,"column":58}},"loc":{"start":{"line":51,"column":77},"end":{"line":90,"column":1}},"line":51},"1":{"name":"(anonymous_1)","decl":{"start":{"line":60,"column":31},"end":{"line":60,"column":32}},"loc":{"start":{"line":60,"column":38},"end":{"line":66,"column":7}},"line":60},"2":{"name":"(anonymous_2)","decl":{"start":{"line":78,"column":22},"end":{"line":78,"column":23}},"loc":{"start":{"line":78,"column":29},"end":{"line":84,"column":5}},"line":78},"3":{"name":"(anonymous_3)","decl":{"start":{"line":138,"column":55},"end":{"line":138,"column":56}},"loc":{"start":{"line":138,"column":75},"end":{"line":157,"column":1}},"line":138},"4":{"name":"(anonymous_4)","decl":{"start":{"line":206,"column":57},"end":{"line":206,"column":58}},"loc":{"start":{"line":206,"column":77},"end":{"line":233,"column":1}},"line":206},"5":{"name":"(anonymous_5)","decl":{"start":{"line":277,"column":57},"end":{"line":277,"column":58}},"loc":{"start":{"line":277,"column":77},"end":{"line":306,"column":1}},"line":277},"6":{"name":"(anonymous_6)","decl":{"start":{"line":338,"column":60},"end":{"line":338,"column":61}},"loc":{"start":{"line":338,"column":80},"end":{"line":365,"column":1}},"line":338},"7":{"name":"(anonymous_7)","decl":{"start":{"line":409,"column":62},"end":{"line":409,"column":63}},"loc":{"start":{"line":409,"column":82},"end":{"line":438,"column":1}},"line":409},"8":{"name":"(anonymous_8)","decl":{"start":{"line":426,"column":30},"end":{"line":426,"column":31}},"loc":{"start":{"line":426,"column":38},"end":{"line":432,"column":5}},"line":426}},"branchMap":{"0":{"loc":{"start":{"line":55,"column":4},"end":{"line":55,"column":61}},"type":"if","locations":[{"start":{"line":55,"column":4},"end":{"line":55,"column":61}},{"start":{},"end":{}}],"line":55},"1":{"loc":{"start":{"line":58,"column":4},"end":{"line":67,"column":5}},"type":"if","locations":[{"start":{"line":58,"column":4},"end":{"line":67,"column":5}},{"start":{},"end":{}}],"line":58},"2":{"loc":{"start":{"line":142,"column":4},"end":{"line":142,"column":61}},"type":"if","locations":[{"start":{"line":142,"column":4},"end":{"line":142,"column":61}},{"start":{},"end":{}}],"line":142},"3":{"loc":{"start":{"line":211,"column":4},"end":{"line":211,"column":61}},"type":"if","locations":[{"start":{"line":211,"column":4},"end":{"line":211,"column":61}},{"start":{},"end":{}}],"line":211},"4":{"loc":{"start":{"line":212,"column":4},"end":{"line":212,"column":69}},"type":"if","locations":[{"start":{"line":212,"column":4},"end":{"line":212,"column":69}},{"start":{},"end":{}}],"line":212},"5":{"loc":{"start":{"line":216,"column":4},"end":{"line":218,"column":5}},"type":"if","locations":[{"start":{"line":216,"column":4},"end":{"line":218,"column":5}},{"start":{},"end":{}}],"line":216},"6":{"loc":{"start":{"line":216,"column":8},"end":{"line":216,"column":38}},"type":"binary-expr","locations":[{"start":{"line":216,"column":8},"end":{"line":216,"column":13}},{"start":{"line":216,"column":17},"end":{"line":216,"column":38}}],"line":216},"7":{"loc":{"start":{"line":283,"column":4},"end":{"line":283,"column":61}},"type":"if","locations":[{"start":{"line":283,"column":4},"end":{"line":283,"column":61}},{"start":{},"end":{}}],"line":283},"8":{"loc":{"start":{"line":286,"column":4},"end":{"line":286,"column":69}},"type":"if","locations":[{"start":{"line":286,"column":4},"end":{"line":286,"column":69}},{"start":{},"end":{}}],"line":286},"9":{"loc":{"start":{"line":289,"column":4},"end":{"line":291,"column":5}},"type":"if","locations":[{"start":{"line":289,"column":4},"end":{"line":291,"column":5}},{"start":{},"end":{}}],"line":289},"10":{"loc":{"start":{"line":343,"column":4},"end":{"line":343,"column":61}},"type":"if","locations":[{"start":{"line":343,"column":4},"end":{"line":343,"column":61}},{"start":{},"end":{}}],"line":343},"11":{"loc":{"start":{"line":344,"column":4},"end":{"line":344,"column":69}},"type":"if","locations":[{"start":{"line":344,"column":4},"end":{"line":344,"column":69}},{"start":{},"end":{}}],"line":344},"12":{"loc":{"start":{"line":347,"column":4},"end":{"line":349,"column":5}},"type":"if","locations":[{"start":{"line":347,"column":4},"end":{"line":349,"column":5}},{"start":{},"end":{}}],"line":347},"13":{"loc":{"start":{"line":347,"column":8},"end":{"line":347,"column":66}},"type":"binary-expr","locations":[{"start":{"line":347,"column":8},"end":{"line":347,"column":41}},{"start":{"line":347,"column":45},"end":{"line":347,"column":66}}],"line":347},"14":{"loc":{"start":{"line":414,"column":4},"end":{"line":414,"column":61}},"type":"if","locations":[{"start":{"line":414,"column":4},"end":{"line":414,"column":61}},{"start":{},"end":{}}],"line":414},"15":{"loc":{"start":{"line":415,"column":4},"end":{"line":415,"column":69}},"type":"if","locations":[{"start":{"line":415,"column":4},"end":{"line":415,"column":69}},{"start":{},"end":{}}],"line":415},"16":{"loc":{"start":{"line":420,"column":4},"end":{"line":422,"column":5}},"type":"if","locations":[{"start":{"line":420,"column":4},"end":{"line":422,"column":5}},{"start":{},"end":{}}],"line":420},"17":{"loc":{"start":{"line":420,"column":8},"end":{"line":420,"column":66}},"type":"binary-expr","locations":[{"start":{"line":420,"column":8},"end":{"line":420,"column":41}},{"start":{"line":420,"column":45},"end":{"line":420,"column":66}}],"line":420}},"s":{"0":1,"1":1,"2":1,"3":1,"4":1,"5":1,"6":1,"7":1,"8":1,"9":0,"10":0,"11":0,"12":0,"13":0,"14":0,"15":0,"16":0,"17":0,"18":0,"19":0,"20":0,"21":0,"22":0,"23":0,"24":0,"25":0,"26":1,"27":0,"28":0,"29":0,"30":0,"31":0,"32":0,"33":0,"34":0,"35":0,"36":0,"37":1,"38":0,"39":0,"40":0,"41":0,"42":0,"43":0,"44":0,"45":0,"46":0,"47":0,"48":0,"49":0,"50":0,"51":1,"52":0,"53":0,"54":0,"55":0,"56":0,"57":0,"58":0,"59":0,"60":0,"61":0,"62":0,"63":0,"64":0,"65":0,"66":1,"67":0,"68":0,"69":0,"70":0,"71":0,"72":0,"73":0,"74":0,"75":0,"76":0,"77":0,"78":0,"79":0,"80":0,"81":0,"82":0,"83":1,"84":0,"85":0,"86":0,"87":0,"88":0,"89":0,"90":0,"91":0,"92":0,"93":0,"94":0,"95":0,"96":0,"97":0,"98":0,"99":1},"f":{"0":0,"1":0,"2":0,"3":0,"4":0,"5":0,"6":0,"7":0,"8":0},"b":{"0":[0,0],"1":[0,0],"2":[0,0],"3":[0,0],"4":[0,0],"5":[0,0],"6":[0,0],"7":[0,0],"8":[0,0],"9":[0,0],"10":[0,0],"11":[0,0],"12":[0,0],"13":[0,0],"14":[0,0],"15":[0,0],"16":[0,0],"17":[0,0]},"_coverageSchema":"1a1c01bbd47fc00a2c39e90264f33305004495a9","hash":"426897a46072495e7fb44cd02ba58b6abc05550a"}
,"/Users/lewis/Documents/side_projects/Cloud-Native-Document-Center/document-service/routes/index.js": {"path":"/Users/lewis/Documents/side_projects/Cloud-Native-Document-Center/document-service/routes/index.js","statementMap":{"0":{"start":{"line":1,"column":14},"end":{"line":1,"column":32}},"1":{"start":{"line":2,"column":13},"end":{"line":2,"column":29}},"2":{"start":{"line":5,"column":0},"end":{"line":7,"column":3}},"3":{"start":{"line":6,"column":2},"end":{"line":6,"column":44}},"4":{"start":{"line":9,"column":0},"end":{"line":9,"column":24}}},"fnMap":{"0":{"name":"(anonymous_0)","decl":{"start":{"line":5,"column":16},"end":{"line":5,"column":17}},"loc":{"start":{"line":5,"column":41},"end":{"line":7,"column":1}},"line":5}},"branchMap":{},"s":{"0":1,"1":1,"2":1,"3":0,"4":1},"f":{"0":0},"b":{},"_coverageSchema":"1a1c01bbd47fc00a2c39e90264f33305004495a9","hash":"61801ba9c788995366db5f2865c3a972df3de6e3"}
,"/Users/lewis/Documents/side_projects/Cloud-Native-Document-Center/document-service/routes/role.js": {"path":"/Users/lewis/Documents/side_projects/Cloud-Native-Document-Center/document-service/routes/role.js","statementMap":{"0":{"start":{"line":1,"column":14},"end":{"line":1,"column":32}},"1":{"start":{"line":2,"column":13},"end":{"line":2,"column":29}},"2":{"start":{"line":4,"column":11},"end":{"line":4,"column":24}},"3":{"start":{"line":7,"column":22},"end":{"line":7,"column":57}},"4":{"start":{"line":8,"column":22},"end":{"line":8,"column":57}},"5":{"start":{"line":9,"column":24},"end":{"line":9,"column":61}},"6":{"start":{"line":12,"column":17},"end":{"line":12,"column":44}},"7":{"start":{"line":15,"column":11},"end":{"line":15,"column":31}},"8":{"start":{"line":57,"column":0},"end":{"line":92,"column":3}},"9":{"start":{"line":58,"column":2},"end":{"line":91,"column":3}},"10":{"start":{"line":60,"column":17},"end":{"line":60,"column":67}},"11":{"start":{"line":61,"column":22},"end":{"line":61,"column":63}},"12":{"start":{"line":62,"column":21},"end":{"line":62,"column":72}},"13":{"start":{"line":63,"column":4},"end":{"line":63,"column":61}},"14":{"start":{"line":63,"column":15},"end":{"line":63,"column":61}},"15":{"start":{"line":64,"column":4},"end":{"line":64,"column":66}},"16":{"start":{"line":64,"column":20},"end":{"line":64,"column":66}},"17":{"start":{"line":65,"column":4},"end":{"line":65,"column":69}},"18":{"start":{"line":65,"column":19},"end":{"line":65,"column":69}},"19":{"start":{"line":70,"column":4},"end":{"line":72,"column":5}},"20":{"start":{"line":71,"column":6},"end":{"line":71,"column":50}},"21":{"start":{"line":75,"column":4},"end":{"line":77,"column":5}},"22":{"start":{"line":76,"column":6},"end":{"line":76,"column":50}},"23":{"start":{"line":80,"column":17},"end":{"line":80,"column":74}},"24":{"start":{"line":81,"column":4},"end":{"line":81,"column":65}},"25":{"start":{"line":81,"column":14},"end":{"line":81,"column":65}},"26":{"start":{"line":84,"column":4},"end":{"line":84,"column":79}},"27":{"start":{"line":86,"column":4},"end":{"line":86,"column":36}},"28":{"start":{"line":89,"column":4},"end":{"line":89,"column":21}},"29":{"start":{"line":90,"column":4},"end":{"line":90,"column":69}},"30":{"start":{"line":132,"column":0},"end":{"line":168,"column":3}},"31":{"start":{"line":133,"column":2},"end":{"line":167,"column":3}},"32":{"start":{"line":135,"column":17},"end":{"line":135,"column":67}},"33":{"start":{"line":136,"column":22},"end":{"line":136,"column":63}},"34":{"start":{"line":137,"column":21},"end":{"line":137,"column":72}},"35":{"start":{"line":138,"column":4},"end":{"line":138,"column":61}},"36":{"start":{"line":138,"column":15},"end":{"line":138,"column":61}},"37":{"start":{"line":139,"column":4},"end":{"line":139,"column":66}},"38":{"start":{"line":139,"column":20},"end":{"line":139,"column":66}},"39":{"start":{"line":140,"column":4},"end":{"line":140,"column":69}},"40":{"start":{"line":140,"column":19},"end":{"line":140,"column":69}},"41":{"start":{"line":146,"column":4},"end":{"line":148,"column":5}},"42":{"start":{"line":147,"column":6},"end":{"line":147,"column":50}},"43":{"start":{"line":151,"column":4},"end":{"line":153,"column":5}},"44":{"start":{"line":152,"column":6},"end":{"line":152,"column":50}},"45":{"start":{"line":156,"column":17},"end":{"line":156,"column":74}},"46":{"start":{"line":157,"column":4},"end":{"line":157,"column":61}},"47":{"start":{"line":157,"column":15},"end":{"line":157,"column":61}},"48":{"start":{"line":160,"column":4},"end":{"line":160,"column":64}},"49":{"start":{"line":162,"column":4},"end":{"line":162,"column":36}},"50":{"start":{"line":165,"column":4},"end":{"line":165,"column":21}},"51":{"start":{"line":166,"column":4},"end":{"line":166,"column":69}},"52":{"start":{"line":170,"column":0},"end":{"line":170,"column":24}}},"fnMap":{"0":{"name":"(anonymous_0)","decl":{"start":{"line":57,"column":55},"end":{"line":57,"column":56}},"loc":{"start":{"line":57,"column":75},"end":{"line":92,"column":1}},"line":57},"1":{"name":"(anonymous_1)","decl":{"start":{"line":132,"column":57},"end":{"line":132,"column":58}},"loc":{"start":{"line":132,"column":77},"end":{"line":168,"column":1}},"line":132}},"branchMap":{"0":{"loc":{"start":{"line":63,"column":4},"end":{"line":63,"column":61}},"type":"if","locations":[{"start":{"line":63,"column":4},"end":{"line":63,"column":61}},{"start":{},"end":{}}],"line":63},"1":{"loc":{"start":{"line":64,"column":4},"end":{"line":64,"column":66}},"type":"if","locations":[{"start":{"line":64,"column":4},"end":{"line":64,"column":66}},{"start":{},"end":{}}],"line":64},"2":{"loc":{"start":{"line":65,"column":4},"end":{"line":65,"column":69}},"type":"if","locations":[{"start":{"line":65,"column":4},"end":{"line":65,"column":69}},{"start":{},"end":{}}],"line":65},"3":{"loc":{"start":{"line":70,"column":4},"end":{"line":72,"column":5}},"type":"if","locations":[{"start":{"line":70,"column":4},"end":{"line":72,"column":5}},{"start":{},"end":{}}],"line":70},"4":{"loc":{"start":{"line":75,"column":4},"end":{"line":77,"column":5}},"type":"if","locations":[{"start":{"line":75,"column":4},"end":{"line":77,"column":5}},{"start":{},"end":{}}],"line":75},"5":{"loc":{"start":{"line":81,"column":4},"end":{"line":81,"column":65}},"type":"if","locations":[{"start":{"line":81,"column":4},"end":{"line":81,"column":65}},{"start":{},"end":{}}],"line":81},"6":{"loc":{"start":{"line":138,"column":4},"end":{"line":138,"column":61}},"type":"if","locations":[{"start":{"line":138,"column":4},"end":{"line":138,"column":61}},{"start":{},"end":{}}],"line":138},"7":{"loc":{"start":{"line":139,"column":4},"end":{"line":139,"column":66}},"type":"if","locations":[{"start":{"line":139,"column":4},"end":{"line":139,"column":66}},{"start":{},"end":{}}],"line":139},"8":{"loc":{"start":{"line":140,"column":4},"end":{"line":140,"column":69}},"type":"if","locations":[{"start":{"line":140,"column":4},"end":{"line":140,"column":69}},{"start":{},"end":{}}],"line":140},"9":{"loc":{"start":{"line":146,"column":4},"end":{"line":148,"column":5}},"type":"if","locations":[{"start":{"line":146,"column":4},"end":{"line":148,"column":5}},{"start":{},"end":{}}],"line":146},"10":{"loc":{"start":{"line":151,"column":4},"end":{"line":153,"column":5}},"type":"if","locations":[{"start":{"line":151,"column":4},"end":{"line":153,"column":5}},{"start":{},"end":{}}],"line":151},"11":{"loc":{"start":{"line":157,"column":4},"end":{"line":157,"column":61}},"type":"if","locations":[{"start":{"line":157,"column":4},"end":{"line":157,"column":61}},{"start":{},"end":{}}],"line":157}},"s":{"0":1,"1":1,"2":1,"3":1,"4":1,"5":1,"6":1,"7":1,"8":1,"9":0,"10":0,"11":0,"12":0,"13":0,"14":0,"15":0,"16":0,"17":0,"18":0,"19":0,"20":0,"21":0,"22":0,"23":0,"24":0,"25":0,"26":0,"27":0,"28":0,"29":0,"30":1,"31":0,"32":0,"33":0,"34":0,"35":0,"36":0,"37":0,"38":0,"39":0,"40":0,"41":0,"42":0,"43":0,"44":0,"45":0,"46":0,"47":0,"48":0,"49":0,"50":0,"51":0,"52":1},"f":{"0":0,"1":0},"b":{"0":[0,0],"1":[0,0],"2":[0,0],"3":[0,0],"4":[0,0],"5":[0,0],"6":[0,0],"7":[0,0],"8":[0,0],"9":[0,0],"10":[0,0],"11":[0,0]},"_coverageSchema":"1a1c01bbd47fc00a2c39e90264f33305004495a9","hash":"20e548e4dca0726f904c83a345c5f2d11bc82585"}
,"/Users/lewis/Documents/side_projects/Cloud-Native-Document-Center/document-service/routes/users.js": {"path":"/Users/lewis/Documents/side_projects/Cloud-Native-Document-Center/document-service/routes/users.js","statementMap":{"0":{"start":{"line":1,"column":14},"end":{"line":1,"column":32}},"1":{"start":{"line":2,"column":13},"end":{"line":2,"column":29}},"2":{"start":{"line":5,"column":0},"end":{"line":7,"column":3}},"3":{"start":{"line":6,"column":2},"end":{"line":6,"column":38}},"4":{"start":{"line":9,"column":0},"end":{"line":9,"column":24}}},"fnMap":{"0":{"name":"(anonymous_0)","decl":{"start":{"line":5,"column":16},"end":{"line":5,"column":17}},"loc":{"start":{"line":5,"column":41},"end":{"line":7,"column":1}},"line":5}},"branchMap":{},"s":{"0":1,"1":1,"2":1,"3":1,"4":1},"f":{"0":1},"b":{},"_coverageSchema":"1a1c01bbd47fc00a2c39e90264f33305004495a9","hash":"298c844cbb0874be007d372389ded7fc1022883a"}
,"/Users/lewis/Documents/side_projects/Cloud-Native-Document-Center/document-service/util/dbHelper.js": {"path":"/Users/lewis/Documents/side_projects/Cloud-Native-Document-Center/document-service/util/dbHelper.js","statementMap":{"0":{"start":{"line":1,"column":11},"end":{"line":1,"column":24}},"1":{"start":{"line":2,"column":11},"end":{"line":2,"column":31}},"2":{"start":{"line":5,"column":2},"end":{"line":5,"column":72}},"3":{"start":{"line":9,"column":2},"end":{"line":9,"column":76}},"4":{"start":{"line":13,"column":2},"end":{"line":13,"column":70}},"5":{"start":{"line":17,"column":2},"end":{"line":17,"column":80}},"6":{"start":{"line":21,"column":2},"end":{"line":21,"column":74}},"7":{"start":{"line":25,"column":2},"end":{"line":25,"column":92}},"8":{"start":{"line":29,"column":2},"end":{"line":29,"column":49}},"9":{"start":{"line":33,"column":2},"end":{"line":40,"column":5}},"10":{"start":{"line":44,"column":2},"end":{"line":44,"column":103}},"11":{"start":{"line":48,"column":2},"end":{"line":48,"column":70}},"12":{"start":{"line":52,"column":2},"end":{"line":52,"column":85}},"13":{"start":{"line":56,"column":2},"end":{"line":60,"column":5}},"14":{"start":{"line":64,"column":2},"end":{"line":64,"column":90}},"15":{"start":{"line":68,"column":2},"end":{"line":68,"column":90}},"16":{"start":{"line":72,"column":2},"end":{"line":72,"column":78}},"17":{"start":{"line":76,"column":2},"end":{"line":76,"column":70}},"18":{"start":{"line":80,"column":2},"end":{"line":85,"column":5}},"19":{"start":{"line":88,"column":0},"end":{"line":106,"column":2}}},"fnMap":{"0":{"name":"findUserByEmail","decl":{"start":{"line":4,"column":15},"end":{"line":4,"column":30}},"loc":{"start":{"line":4,"column":38},"end":{"line":6,"column":1}},"line":4},"1":{"name":"findUserByAccount","decl":{"start":{"line":8,"column":15},"end":{"line":8,"column":32}},"loc":{"start":{"line":8,"column":42},"end":{"line":10,"column":1}},"line":8},"2":{"name":"findDocumentById","decl":{"start":{"line":12,"column":15},"end":{"line":12,"column":31}},"loc":{"start":{"line":12,"column":36},"end":{"line":14,"column":1}},"line":12},"3":{"name":"findDocumentByUser","decl":{"start":{"line":16,"column":15},"end":{"line":16,"column":33}},"loc":{"start":{"line":16,"column":43},"end":{"line":18,"column":1}},"line":16},"4":{"name":"findDocumentByName","decl":{"start":{"line":20,"column":15},"end":{"line":20,"column":33}},"loc":{"start":{"line":20,"column":40},"end":{"line":22,"column":1}},"line":20},"5":{"name":"findDocumentByUserAndName","decl":{"start":{"line":24,"column":15},"end":{"line":24,"column":40}},"loc":{"start":{"line":24,"column":56},"end":{"line":26,"column":1}},"line":24},"6":{"name":"findAllDocuments","decl":{"start":{"line":28,"column":15},"end":{"line":28,"column":31}},"loc":{"start":{"line":28,"column":34},"end":{"line":30,"column":1}},"line":28},"7":{"name":"createDocument","decl":{"start":{"line":32,"column":15},"end":{"line":32,"column":29}},"loc":{"start":{"line":32,"column":62},"end":{"line":41,"column":1}},"line":32},"8":{"name":"updateDocument","decl":{"start":{"line":43,"column":15},"end":{"line":43,"column":29}},"loc":{"start":{"line":43,"column":49},"end":{"line":45,"column":1}},"line":43},"9":{"name":"deleteDocument","decl":{"start":{"line":47,"column":15},"end":{"line":47,"column":29}},"loc":{"start":{"line":47,"column":34},"end":{"line":49,"column":1}},"line":47},"10":{"name":"updateDocumentName","decl":{"start":{"line":51,"column":15},"end":{"line":51,"column":33}},"loc":{"start":{"line":51,"column":44},"end":{"line":53,"column":1}},"line":51},"11":{"name":"createRole","decl":{"start":{"line":55,"column":15},"end":{"line":55,"column":25}},"loc":{"start":{"line":55,"column":48},"end":{"line":61,"column":1}},"line":55},"12":{"name":"deleteRole","decl":{"start":{"line":63,"column":15},"end":{"line":63,"column":25}},"loc":{"start":{"line":63,"column":42},"end":{"line":65,"column":1}},"line":63},"13":{"name":"findRole","decl":{"start":{"line":67,"column":15},"end":{"line":67,"column":23}},"loc":{"start":{"line":67,"column":40},"end":{"line":69,"column":1}},"line":67},"14":{"name":"findRoleByDocument","decl":{"start":{"line":71,"column":15},"end":{"line":71,"column":33}},"loc":{"start":{"line":71,"column":44},"end":{"line":73,"column":1}},"line":71},"15":{"name":"findRoleByUser","decl":{"start":{"line":75,"column":15},"end":{"line":75,"column":29}},"loc":{"start":{"line":75,"column":36},"end":{"line":77,"column":1}},"line":75},"16":{"name":"createLog","decl":{"start":{"line":79,"column":15},"end":{"line":79,"column":24}},"loc":{"start":{"line":79,"column":57},"end":{"line":86,"column":1}},"line":79}},"branchMap":{},"s":{"0":2,"1":2,"2":1,"3":1,"4":1,"5":1,"6":1,"7":1,"8":1,"9":1,"10":1,"11":1,"12":1,"13":1,"14":1,"15":1,"16":0,"17":0,"18":0,"19":2},"f":{"0":1,"1":1,"2":1,"3":1,"4":1,"5":1,"6":1,"7":1,"8":1,"9":1,"10":1,"11":1,"12":1,"13":1,"14":0,"15":0,"16":0},"b":{},"_coverageSchema":"1a1c01bbd47fc00a2c39e90264f33305004495a9","hash":"e5a2e74525a8d5f50cb1113b1438b2fb313d8b41"}
,"/Users/lewis/Documents/side_projects/Cloud-Native-Document-Center/document-service/util/randomGenerator.js": {"path":"/Users/lewis/Documents/side_projects/Cloud-Native-Document-Center/document-service/util/randomGenerator.js","statementMap":{"0":{"start":{"line":1,"column":18},"end":{"line":1,"column":82}},"1":{"start":{"line":4,"column":17},"end":{"line":4,"column":19}},"2":{"start":{"line":5,"column":29},"end":{"line":5,"column":46}},"3":{"start":{"line":6,"column":4},"end":{"line":8,"column":5}},"4":{"start":{"line":6,"column":18},"end":{"line":6,"column":19}},"5":{"start":{"line":7,"column":8},"end":{"line":7,"column":82}},"6":{"start":{"line":10,"column":4},"end":{"line":10,"column":18}},"7":{"start":{"line":13,"column":0},"end":{"line":13,"column":32}}},"fnMap":{"0":{"name":"generateString","decl":{"start":{"line":3,"column":9},"end":{"line":3,"column":23}},"loc":{"start":{"line":3,"column":32},"end":{"line":11,"column":1}},"line":3}},"branchMap":{},"s":{"0":1,"1":4,"2":4,"3":4,"4":4,"5":40,"6":4,"7":1},"f":{"0":4},"b":{},"_coverageSchema":"1a1c01bbd47fc00a2c39e90264f33305004495a9","hash":"acb18dd07df7358c221868fb3b9da4d62599fdd1"}
}
