TN:
SF:app.js
FN:67,(anonymous_0)
FN:72,(anonymous_1)
FNF:2
FNH:0
FNDA:0,(anonymous_0)
FNDA:0,(anonymous_1)
DA:1,1
DA:2,1
DA:3,1
DA:4,1
DA:5,1
DA:8,1
DA:10,1
DA:11,1
DA:12,1
DA:13,1
DA:15,1
DA:18,1
DA:19,1
DA:21,1
DA:22,1
DA:23,1
DA:24,1
DA:25,1
DA:27,1
DA:28,1
DA:29,1
DA:30,1
DA:33,1
DA:34,1
DA:61,1
DA:62,1
DA:64,1
DA:67,1
DA:68,0
DA:72,1
DA:74,0
DA:75,0
DA:78,0
DA:79,0
DA:82,1
LF:35
LH:30
BRDA:75,0,0,0
BRDA:75,0,1,0
BRDA:78,1,0,0
BRDA:78,1,1,0
BRF:4
BRH:0
end_of_record
TN:
SF:handler/authenticator.js
FN:8,(anonymous_0)
FN:11,(anonymous_1)
FN:30,(anonymous_2)
FN:47,(anonymous_3)
FNF:4
FNH:1
FNDA:1,(anonymous_0)
FNDA:0,(anonymous_1)
FNDA:0,(anonymous_2)
FNDA:0,(anonymous_3)
DA:1,1
DA:2,1
DA:5,1
DA:6,1
DA:8,1
DA:11,1
DA:13,0
DA:16,0
DA:17,0
DA:19,0
DA:21,0
DA:22,0
DA:23,0
DA:26,0
DA:30,1
DA:32,0
DA:34,0
DA:36,0
DA:37,0
DA:39,0
DA:40,0
DA:43,0
DA:47,1
DA:49,0
DA:51,0
DA:52,0
DA:58,0
DA:59,0
DA:60,0
DA:61,0
DA:64,0
DA:65,0
DA:69,0
DA:70,0
DA:75,1
LF:35
LH:9
BRDA:16,0,0,0
BRDA:16,0,1,0
BRDA:34,1,0,0
BRDA:34,1,1,0
BRDA:36,2,0,0
BRDA:36,2,1,0
BRF:6
BRH:0
end_of_record
TN:
SF:handler/documentSaver.js
FN:10,(anonymous_0)
FN:13,(anonymous_1)
FN:18,(anonymous_2)
FNF:3
FNH:0
FNDA:0,(anonymous_0)
FNDA:0,(anonymous_1)
FNDA:0,(anonymous_2)
DA:1,1
DA:2,1
DA:3,1
DA:6,1
DA:9,1
DA:11,0
DA:14,0
DA:18,1
DA:19,0
DA:21,0
DA:22,0
DA:23,0
DA:24,0
DA:25,0
DA:27,0
DA:30,0
DA:31,0
DA:32,0
DA:35,0
DA:36,0
DA:40,0
DA:41,0
DA:42,0
DA:44,0
DA:48,0
DA:49,0
DA:54,1
DA:56,1
LF:28
LH:8
BRDA:23,0,0,0
BRDA:23,0,1,0
BRDA:35,1,0,0
BRDA:35,1,1,0
BRDA:40,2,0,0
BRDA:40,2,1,0
BRF:6
BRH:0
end_of_record
TN:
SF:handler/documentUpdator.js
FN:10,(anonymous_0)
FN:13,(anonymous_1)
FN:18,(anonymous_2)
FNF:3
FNH:0
FNDA:0,(anonymous_0)
FNDA:0,(anonymous_1)
FNDA:0,(anonymous_2)
DA:1,1
DA:2,1
DA:3,1
DA:6,1
DA:9,1
DA:11,0
DA:14,0
DA:18,1
DA:19,0
DA:21,0
DA:22,0
DA:23,0
DA:24,0
DA:25,0
DA:29,0
DA:30,0
DA:31,0
DA:32,0
DA:36,0
DA:37,0
DA:38,0
DA:41,0
DA:42,0
DA:46,0
DA:49,0
DA:50,0
DA:51,0
DA:52,0
DA:56,0
DA:57,0
DA:59,0
DA:62,0
DA:63,0
DA:68,1
DA:70,1
LF:35
LH:8
BRDA:23,0,0,0
BRDA:23,0,1,0
BRDA:30,1,0,0
BRDA:30,1,1,0
BRDA:41,2,0,0
BRDA:41,2,1,0
BRDA:50,3,0,0
BRDA:50,3,1,0
BRF:8
BRH:0
end_of_record
TN:
SF:models/document.js
FN:1,(anonymous_0)
FNF:1
FNH:1
FNDA:1,(anonymous_0)
DA:1,1
DA:2,1
DA:20,1
LF:3
LH:3
BRF:0
BRH:0
end_of_record
TN:
SF:models/image.js
FN:1,(anonymous_0)
FNF:1
FNH:1
FNDA:1,(anonymous_0)
DA:1,1
DA:2,1
DA:13,1
LF:3
LH:3
BRF:0
BRH:0
end_of_record
TN:
SF:models/index.js
FN:21,(anonymous_0)
FN:24,(anonymous_1)
FN:29,(anonymous_2)
FNF:3
FNH:3
FNDA:6,(anonymous_0)
FNDA:5,(anonymous_1)
FNDA:5,(anonymous_2)
DA:4,1
DA:5,1
DA:6,1
DA:7,1
DA:8,1
DA:9,1
DA:10,1
DA:13,1
DA:14,0
DA:16,1
DA:19,1
DA:22,6
DA:25,5
DA:26,5
DA:29,1
DA:30,5
DA:31,0
DA:35,1
DA:36,1
DA:38,1
LF:20
LH:18
BRDA:8,0,0,1
BRDA:8,0,1,0
BRDA:13,1,0,0
BRDA:13,1,1,1
BRDA:22,2,0,6
BRDA:22,2,1,6
BRDA:22,2,2,5
BRDA:30,3,0,0
BRDA:30,3,1,5
BRF:9
BRH:6
end_of_record
TN:
SF:models/log.js
FN:1,(anonymous_0)
FNF:1
FNH:1
FNDA:1,(anonymous_0)
DA:1,1
DA:2,1
DA:17,1
LF:3
LH:3
BRF:0
BRH:0
end_of_record
TN:
SF:models/roles.js
FN:1,(anonymous_0)
FNF:1
FNH:1
FNDA:1,(anonymous_0)
DA:1,1
DA:2,1
DA:19,1
LF:3
LH:3
BRF:0
BRH:0
end_of_record
TN:
SF:models/user.js
FN:1,(anonymous_0)
FNF:1
FNH:1
FNDA:1,(anonymous_0)
DA:1,1
DA:2,1
DA:18,1
LF:3
LH:3
BRF:0
BRH:0
end_of_record
TN:
SF:routes/doc.js
FN:51,(anonymous_0)
FN:60,(anonymous_1)
FN:78,(anonymous_2)
FN:138,(anonymous_3)
FN:206,(anonymous_4)
FN:277,(anonymous_5)
FN:338,(anonymous_6)
FN:409,(anonymous_7)
FN:426,(anonymous_8)
FNF:9
FNH:0
FNDA:0,(anonymous_0)
FNDA:0,(anonymous_1)
FNDA:0,(anonymous_2)
FNDA:0,(anonymous_3)
FNDA:0,(anonymous_4)
FNDA:0,(anonymous_5)
FNDA:0,(anonymous_6)
FNDA:0,(anonymous_7)
FNDA:0,(anonymous_8)
DA:1,1
DA:2,1
DA:4,1
DA:7,1
DA:8,1
DA:9,1
DA:12,1
DA:15,1
DA:51,1
DA:52,0
DA:54,0
DA:55,0
DA:58,0
DA:59,0
DA:60,0
DA:61,0
DA:70,0
DA:71,0
DA:72,0
DA:73,0
DA:74,0
DA:78,0
DA:79,0
DA:87,0
DA:88,0
DA:138,1
DA:139,0
DA:141,0
DA:142,0
DA:145,0
DA:148,0
DA:149,0
DA:151,0
DA:154,0
DA:155,0
DA:206,1
DA:207,0
DA:209,0
DA:210,0
DA:211,0
DA:212,0
DA:215,0
DA:216,0
DA:217,0
DA:221,0
DA:230,0
DA:231,0
DA:277,1
DA:278,0
DA:279,0
DA:280,0
DA:283,0
DA:286,0
DA:289,0
DA:290,0
DA:294,0
DA:297,0
DA:299,0
DA:302,0
DA:303,0
DA:338,1
DA:339,0
DA:341,0
DA:342,0
DA:343,0
DA:344,0
DA:347,0
DA:348,0
DA:352,0
DA:353,0
DA:354,0
DA:358,0
DA:359,0
DA:362,0
DA:363,0
DA:409,1
DA:410,0
DA:412,0
DA:413,0
DA:414,0
DA:415,0
DA:417,0
DA:420,0
DA:421,0
DA:425,0
DA:426,0
DA:427,0
DA:435,0
DA:436,0
DA:440,1
LF:90
LH:15
BRDA:55,0,0,0
BRDA:55,0,1,0
BRDA:58,1,0,0
BRDA:58,1,1,0
BRDA:142,2,0,0
BRDA:142,2,1,0
BRDA:211,3,0,0
BRDA:211,3,1,0
BRDA:212,4,0,0
BRDA:212,4,1,0
BRDA:216,5,0,0
BRDA:216,5,1,0
BRDA:216,6,0,0
BRDA:216,6,1,0
BRDA:283,7,0,0
BRDA:283,7,1,0
BRDA:286,8,0,0
BRDA:286,8,1,0
BRDA:289,9,0,0
BRDA:289,9,1,0
BRDA:343,10,0,0
BRDA:343,10,1,0
BRDA:344,11,0,0
BRDA:344,11,1,0
BRDA:347,12,0,0
BRDA:347,12,1,0
BRDA:347,13,0,0
BRDA:347,13,1,0
BRDA:414,14,0,0
BRDA:414,14,1,0
BRDA:415,15,0,0
BRDA:415,15,1,0
BRDA:420,16,0,0
BRDA:420,16,1,0
BRDA:420,17,0,0
BRDA:420,17,1,0
BRF:36
BRH:0
end_of_record
TN:
SF:routes/index.js
FN:5,(anonymous_0)
FNF:1
FNH:0
FNDA:0,(anonymous_0)
DA:1,1
DA:2,1
DA:5,1
DA:6,0
DA:9,1
LF:5
LH:4
BRF:0
BRH:0
end_of_record
TN:
SF:routes/role.js
FN:57,(anonymous_0)
FN:132,(anonymous_1)
FNF:2
FNH:0
FNDA:0,(anonymous_0)
FNDA:0,(anonymous_1)
DA:1,1
DA:2,1
DA:4,1
DA:7,1
DA:8,1
DA:9,1
DA:12,1
DA:15,1
DA:57,1
DA:58,0
DA:60,0
DA:61,0
DA:62,0
DA:63,0
DA:64,0
DA:65,0
DA:70,0
DA:71,0
DA:75,0
DA:76,0
DA:80,0
DA:81,0
DA:84,0
DA:86,0
DA:89,0
DA:90,0
DA:132,1
DA:133,0
DA:135,0
DA:136,0
DA:137,0
DA:138,0
DA:139,0
DA:140,0
DA:146,0
DA:147,0
DA:151,0
DA:152,0
DA:156,0
DA:157,0
DA:160,0
DA:162,0
DA:165,0
DA:166,0
DA:170,1
LF:45
LH:11
BRDA:63,0,0,0
BRDA:63,0,1,0
BRDA:64,1,0,0
BRDA:64,1,1,0
BRDA:65,2,0,0
BRDA:65,2,1,0
BRDA:70,3,0,0
BRDA:70,3,1,0
BRDA:75,4,0,0
BRDA:75,4,1,0
BRDA:81,5,0,0
BRDA:81,5,1,0
BRDA:138,6,0,0
BRDA:138,6,1,0
BRDA:139,7,0,0
BRDA:139,7,1,0
BRDA:140,8,0,0
BRDA:140,8,1,0
BRDA:146,9,0,0
BRDA:146,9,1,0
BRDA:151,10,0,0
BRDA:151,10,1,0
BRDA:157,11,0,0
BRDA:157,11,1,0
BRF:24
BRH:0
end_of_record
TN:
SF:routes/users.js
FN:5,(anonymous_0)
FNF:1
FNH:1
FNDA:1,(anonymous_0)
DA:1,1
DA:2,1
DA:5,1
DA:6,1
DA:9,1
LF:5
LH:5
BRF:0
BRH:0
end_of_record
TN:
SF:util/dbHelper.js
FN:4,findUserByEmail
FN:8,findUserByAccount
FN:12,findDocumentById
FN:16,findDocumentByUser
FN:20,findDocumentByName
FN:24,findDocumentByUserAndName
FN:28,findAllDocuments
FN:32,createDocument
FN:43,updateDocument
FN:47,deleteDocument
FN:51,updateDocumentName
FN:55,createRole
FN:63,deleteRole
FN:67,findRole
FN:71,findRoleByDocument
FN:75,findRoleByUser
FN:79,createLog
FNF:17
FNH:14
FNDA:1,findUserByEmail
FNDA:1,findUserByAccount
FNDA:1,findDocumentById
FNDA:1,findDocumentByUser
FNDA:1,findDocumentByName
FNDA:1,findDocumentByUserAndName
FNDA:1,findAllDocuments
FNDA:1,createDocument
FNDA:1,updateDocument
FNDA:1,deleteDocument
FNDA:1,updateDocumentName
FNDA:1,createRole
FNDA:1,deleteRole
FNDA:1,findRole
FNDA:0,findRoleByDocument
FNDA:0,findRoleByUser
FNDA:0,createLog
DA:1,2
DA:2,2
DA:5,1
DA:9,1
DA:13,1
DA:17,1
DA:21,1
DA:25,1
DA:29,1
DA:33,1
DA:44,1
DA:48,1
DA:52,1
DA:56,1
DA:64,1
DA:68,1
DA:72,0
DA:76,0
DA:80,0
DA:88,2
LF:20
LH:17
BRF:0
BRH:0
end_of_record
TN:
SF:util/randomGenerator.js
FN:3,generateString
FNF:1
FNH:1
FNDA:4,generateString
DA:1,1
DA:4,4
DA:5,4
DA:6,4
DA:7,40
DA:10,4
DA:13,1
LF:7
LH:7
BRF:0
BRH:0
end_of_record
